# JRE version: OpenJDK Runtime Environment (21.0.3) (build 21.0.3+-12282718-b509.11)
# Java VM: OpenJDK 64-Bit Server VM (21.0.3+-12282718-b509.11, mixed mode, tiered, compressed oops, compressed class ptrs, g1 gc, linux-amd64)
GC Precious Log:
 CardTable entry size: 512
 Card Set container configuration: InlinePtr #cards 5 size 8 Array Of Cards #cards 12 size 40 Howl #buckets 4 coarsen threshold 1843 Howl Bitmap #cards 512 size 80 coarsen threshold 460 Card regions per heap region 1 cards per card region 2048
 CPUs: 8 total, 8 available
 Memory: 7724M
 Large Page Support: Disabled
 NUMA Support: Disabled
 Compressed Oops: Enabled (32-bit)
 Heap Region Size: 1M
 Heap Min Capacity: 8M
 Heap Initial Capacity: 122M
 Heap Max Capacity: 1932M
 Pre-touch: Disabled
 Parallel Workers: 8
 Concurrent Workers: 2
 Concurrent Refinement Workers: 8
 Periodic GC: Disabled
Heap:
 garbage-first heap   total 49152K, used 38214K [0x0000000087400000, 0x0000000100000000)
  region size 1024K, 16 young (16384K), 1 survivors (1024K)
 Metaspace       used 73179K, committed 73664K, reserved 1179648K
  class space    used 7903K, committed 8128K, reserved 1048576K
GC Heap History (20 events):
Event: 1.317 GC heap before
{Heap before GC invocations=5 (full 0):
 garbage-first heap   total 40960K, used 12746K [0x0000000087400000, 0x0000000100000000)
  region size 1024K, 3 young (3072K), 2 survivors (2048K)
 Metaspace       used 35920K, committed 36096K, reserved 1114112K
  class space    used 3893K, committed 3968K, reserved 1048576K
}
Event: 1.319 GC heap after
{Heap after GC invocations=6 (full 0):
 garbage-first heap   total 40960K, used 13136K [0x0000000087400000, 0x0000000100000000)
  region size 1024K, 1 young (1024K), 1 survivors (1024K)
 Metaspace       used 35920K, committed 36096K, reserved 1114112K
  class space    used 3893K, committed 3968K, reserved 1048576K
}
Event: 1.451 GC heap before
{Heap before GC invocations=7 (full 0):
 garbage-first heap   total 40960K, used 30544K [0x0000000087400000, 0x0000000100000000)
  region size 1024K, 19 young (19456K), 1 survivors (1024K)
 Metaspace       used 41924K, committed 42112K, reserved 1114112K
  class space    used 4539K, committed 4608K, reserved 1048576K
}
Event: 1.453 GC heap after
{Heap after GC invocations=8 (full 0):
 garbage-first heap   total 40960K, used 14701K [0x0000000087400000, 0x0000000100000000)
  region size 1024K, 2 young (2048K), 2 survivors (2048K)
 Metaspace       used 41924K, committed 42112K, reserved 1114112K
  class space    used 4539K, committed 4608K, reserved 1048576K
}
Event: 1.662 GC heap before
{Heap before GC invocations=8 (full 0):
 garbage-first heap   total 40960K, used 32109K [0x0000000087400000, 0x0000000100000000)
  region size 1024K, 20 young (20480K), 2 survivors (2048K)
 Metaspace       used 48111K, committed 48384K, reserved 1114112K
  class space    used 5217K, committed 5376K, reserved 1048576K
}
Event: 1.665 GC heap after
{Heap after GC invocations=9 (full 0):
 garbage-first heap   total 40960K, used 16455K [0x0000000087400000, 0x0000000100000000)
  region size 1024K, 2 young (2048K), 2 survivors (2048K)
 Metaspace       used 48111K, committed 48384K, reserved 1114112K
  class space    used 5217K, committed 5376K, reserved 1048576K
}
Event: 1.834 GC heap before
{Heap before GC invocations=9 (full 0):
 garbage-first heap   total 40960K, used 32839K [0x0000000087400000, 0x0000000100000000)
  region size 1024K, 19 young (19456K), 2 survivors (2048K)
 Metaspace       used 52770K, committed 53120K, reserved 1114112K
  class space    used 5746K, committed 5888K, reserved 1048576K
}
Event: 1.836 GC heap after
{Heap after GC invocations=10 (full 0):
 garbage-first heap   total 49152K, used 17355K [0x0000000087400000, 0x0000000100000000)
  region size 1024K, 1 young (1024K), 1 survivors (1024K)
 Metaspace       used 52770K, committed 53120K, reserved 1114112K
  class space    used 5746K, committed 5888K, reserved 1048576K
}
Event: 2.112 GC heap before
{Heap before GC invocations=10 (full 0):
 garbage-first heap   total 49152K, used 40907K [0x0000000087400000, 0x0000000100000000)
  region size 1024K, 24 young (24576K), 1 survivors (1024K)
 Metaspace       used 59616K, committed 59840K, reserved 1114112K
  class space    used 6484K, committed 6592K, reserved 1048576K
}
Event: 2.115 GC heap after
{Heap after GC invocations=11 (full 0):
 garbage-first heap   total 49152K, used 18592K [0x0000000087400000, 0x0000000100000000)
  region size 1024K, 3 young (3072K), 3 survivors (3072K)
 Metaspace       used 59616K, committed 59840K, reserved 1114112K
  class space    used 6484K, committed 6592K, reserved 1048576K
}
Event: 2.272 GC heap before
{Heap before GC invocations=11 (full 0):
 garbage-first heap   total 49152K, used 19616K [0x0000000087400000, 0x0000000100000000)
  region size 1024K, 5 young (5120K), 3 survivors (3072K)
 Metaspace       used 60286K, committed 60480K, reserved 1114112K
  class space    used 6574K, committed 6656K, reserved 1048576K
}
Event: 2.276 GC heap after
{Heap after GC invocations=12 (full 0):
 garbage-first heap   total 49152K, used 18655K [0x0000000087400000, 0x0000000100000000)
  region size 1024K, 3 young (3072K), 3 survivors (3072K)
 Metaspace       used 60286K, committed 60480K, reserved 1114112K
  class space    used 6574K, committed 6656K, reserved 1048576K
}
Event: 4.017 GC heap before
{Heap before GC invocations=13 (full 0):
 garbage-first heap   total 49152K, used 42207K [0x0000000087400000, 0x0000000100000000)
  region size 1024K, 26 young (26624K), 3 survivors (3072K)
 Metaspace       used 66774K, committed 67264K, reserved 1114112K
  class space    used 7364K, committed 7552K, reserved 1048576K
}
Event: 4.021 GC heap after
{Heap after GC invocations=14 (full 0):
 garbage-first heap   total 49152K, used 21178K [0x0000000087400000, 0x0000000100000000)
  region size 1024K, 4 young (4096K), 4 survivors (4096K)
 Metaspace       used 66774K, committed 67264K, reserved 1114112K
  class space    used 7364K, committed 7552K, reserved 1048576K
}
Event: 5.121 GC heap before
{Heap before GC invocations=14 (full 0):
 garbage-first heap   total 49152K, used 40634K [0x0000000087400000, 0x0000000100000000)
  region size 1024K, 24 young (24576K), 4 survivors (4096K)
 Metaspace       used 71237K, committed 71808K, reserved 1114112K
  class space    used 7875K, committed 8128K, reserved 1048576K
}
Event: 5.126 GC heap after
{Heap after GC invocations=15 (full 0):
 garbage-first heap   total 49152K, used 23478K [0x0000000087400000, 0x0000000100000000)
  region size 1024K, 3 young (3072K), 3 survivors (3072K)
 Metaspace       used 71237K, committed 71808K, reserved 1114112K
  class space    used 7875K, committed 8128K, reserved 1048576K
}
Event: 5.753 GC heap before
{Heap before GC invocations=15 (full 0):
 garbage-first heap   total 49152K, used 41910K [0x0000000087400000, 0x0000000100000000)
  region size 1024K, 22 young (22528K), 3 survivors (3072K)
 Metaspace       used 71910K, committed 72448K, reserved 1114112K
  class space    used 7885K, committed 8128K, reserved 1048576K
}
Event: 5.756 GC heap after
{Heap after GC invocations=16 (full 0):
 garbage-first heap   total 49152K, used 23648K [0x0000000087400000, 0x0000000100000000)
  region size 1024K, 1 young (1024K), 1 survivors (1024K)
 Metaspace       used 71910K, committed 72448K, reserved 1114112K
  class space    used 7885K, committed 8128K, reserved 1048576K
}
Event: 10.514 GC heap before
{Heap before GC invocations=16 (full 0):
 garbage-first heap   total 49152K, used 43104K [0x0000000087400000, 0x0000000100000000)
  region size 1024K, 20 young (20480K), 1 survivors (1024K)
 Metaspace       used 72833K, committed 73344K, reserved 1179648K
  class space    used 7898K, committed 8128K, reserved 1048576K
}
Event: 10.517 GC heap after
{Heap after GC invocations=17 (full 0):
 garbage-first heap   total 49152K, used 23878K [0x0000000087400000, 0x0000000100000000)
  region size 1024K, 1 young (1024K), 1 survivors (1024K)
 Metaspace       used 72833K, committed 73344K, reserved 1179648K
  class space    used 7898K, committed 8128K, reserved 1048576K
}

