# JRE version: OpenJDK Runtime Environment (21.0.3) (build 21.0.3+-12282718-b509.11)
# Java VM: OpenJDK 64-Bit Server VM (21.0.3+-12282718-b509.11, mixed mode, tiered, compressed oops, compressed class ptrs, g1 gc, linux-amd64)
GC Precious Log:
 CardTable entry size: 512
 Card Set container configuration: InlinePtr #cards 5 size 8 Array Of Cards #cards 12 size 40 Howl #buckets 4 coarsen threshold 1843 Howl Bitmap #cards 512 size 80 coarsen threshold 460 Card regions per heap region 1 cards per card region 2048
 CPUs: 8 total, 8 available
 Memory: 7724M
 Large Page Support: Disabled
 NUMA Support: Disabled
 Compressed Oops: Enabled (32-bit)
 Heap Region Size: 1M
 Heap Min Capacity: 8M
 Heap Initial Capacity: 122M
 Heap Max Capacity: 1932M
 Pre-touch: Disabled
 Parallel Workers: 8
 Concurrent Workers: 2
 Concurrent Refinement Workers: 8
 Periodic GC: Disabled
Heap:
 garbage-first heap   total 53248K, used 31751K [0x0000000087400000, 0x0000000100000000)
  region size 1024K, 7 young (7168K), 2 survivors (2048K)
 Metaspace       used 82237K, committed 82816K, reserved 1179648K
  class space    used 9012K, committed 9280K, reserved 1048576K
GC Heap History (20 events):
Event: 2.075 GC heap before
{Heap before GC invocations=11 (full 0):
 garbage-first heap   total 49152K, used 20847K [0x0000000087400000, 0x0000000100000000)
  region size 1024K, 6 young (6144K), 3 survivors (3072K)
 Metaspace       used 60323K, committed 60608K, reserved 1114112K
  class space    used 6571K, committed 6720K, reserved 1048576K
}
Event: 2.080 GC heap after
{Heap after GC invocations=12 (full 0):
 garbage-first heap   total 49152K, used 19014K [0x0000000087400000, 0x0000000100000000)
  region size 1024K, 2 young (2048K), 2 survivors (2048K)
 Metaspace       used 60323K, committed 60608K, reserved 1114112K
  class space    used 6571K, committed 6720K, reserved 1048576K
}
Event: 46.210 GC heap before
{Heap before GC invocations=13 (full 0):
 garbage-first heap   total 49152K, used 41542K [0x0000000087400000, 0x0000000100000000)
  region size 1024K, 24 young (24576K), 2 survivors (2048K)
 Metaspace       used 66145K, committed 66624K, reserved 1114112K
  class space    used 7295K, committed 7488K, reserved 1048576K
}
Event: 46.214 GC heap after
{Heap after GC invocations=14 (full 0):
 garbage-first heap   total 49152K, used 20326K [0x0000000087400000, 0x0000000100000000)
  region size 1024K, 3 young (3072K), 3 survivors (3072K)
 Metaspace       used 66145K, committed 66624K, reserved 1114112K
  class space    used 7295K, committed 7488K, reserved 1048576K
}
Event: 46.770 GC heap before
{Heap before GC invocations=14 (full 0):
 garbage-first heap   total 49152K, used 40806K [0x0000000087400000, 0x0000000100000000)
  region size 1024K, 24 young (24576K), 3 survivors (3072K)
 Metaspace       used 74186K, committed 74752K, reserved 1179648K
  class space    used 8375K, committed 8640K, reserved 1048576K
}
Event: 46.775 GC heap after
{Heap after GC invocations=15 (full 0):
 garbage-first heap   total 50176K, used 23938K [0x0000000087400000, 0x0000000100000000)
  region size 1024K, 3 young (3072K), 3 survivors (3072K)
 Metaspace       used 74186K, committed 74752K, reserved 1179648K
  class space    used 8375K, committed 8640K, reserved 1048576K
}
Event: 46.852 GC heap before
{Heap before GC invocations=15 (full 0):
 garbage-first heap   total 50176K, used 29058K [0x0000000087400000, 0x0000000100000000)
  region size 1024K, 9 young (9216K), 3 survivors (3072K)
 Metaspace       used 74663K, committed 75136K, reserved 1179648K
  class space    used 8425K, committed 8640K, reserved 1048576K
}
Event: 46.856 GC heap after
{Heap after GC invocations=16 (full 0):
 garbage-first heap   total 50176K, used 25704K [0x0000000087400000, 0x0000000100000000)
  region size 1024K, 3 young (3072K), 3 survivors (3072K)
 Metaspace       used 74663K, committed 75136K, reserved 1179648K
  class space    used 8425K, committed 8640K, reserved 1048576K
}
Event: 48.933 GC heap before
{Heap before GC invocations=17 (full 0):
 garbage-first heap   total 53248K, used 47208K [0x0000000087400000, 0x0000000100000000)
  region size 1024K, 19 young (19456K), 3 survivors (3072K)
 Metaspace       used 76577K, committed 77120K, reserved 1179648K
  class space    used 8588K, committed 8832K, reserved 1048576K
}
Event: 48.936 GC heap after
{Heap after GC invocations=18 (full 0):
 garbage-first heap   total 53248K, used 25216K [0x0000000087400000, 0x0000000100000000)
  region size 1024K, 2 young (2048K), 2 survivors (2048K)
 Metaspace       used 76577K, committed 77120K, reserved 1179648K
  class space    used 8588K, committed 8832K, reserved 1048576K
}
Event: 276.186 GC heap before
{Heap before GC invocations=18 (full 0):
 garbage-first heap   total 53248K, used 43648K [0x0000000087400000, 0x0000000100000000)
  region size 1024K, 21 young (21504K), 2 survivors (2048K)
 Metaspace       used 78154K, committed 78656K, reserved 1179648K
  class space    used 8695K, committed 8896K, reserved 1048576K
}
Event: 276.192 GC heap after
{Heap after GC invocations=19 (full 0):
 garbage-first heap   total 53248K, used 26006K [0x0000000087400000, 0x0000000100000000)
  region size 1024K, 3 young (3072K), 3 survivors (3072K)
 Metaspace       used 78154K, committed 78656K, reserved 1179648K
  class space    used 8695K, committed 8896K, reserved 1048576K
}
Event: 376.626 GC heap before
{Heap before GC invocations=19 (full 0):
 garbage-first heap   total 53248K, used 43414K [0x0000000087400000, 0x0000000100000000)
  region size 1024K, 21 young (21504K), 3 survivors (3072K)
 Metaspace       used 79125K, committed 79616K, reserved 1179648K
  class space    used 8775K, committed 8960K, reserved 1048576K
}
Event: 376.632 GC heap after
{Heap after GC invocations=20 (full 0):
 garbage-first heap   total 53248K, used 26541K [0x0000000087400000, 0x0000000100000000)
  region size 1024K, 2 young (2048K), 2 survivors (2048K)
 Metaspace       used 79125K, committed 79616K, reserved 1179648K
  class space    used 8775K, committed 8960K, reserved 1048576K
}
Event: 389.106 GC heap before
{Heap before GC invocations=21 (full 0):
 garbage-first heap   total 53248K, used 47021K [0x0000000087400000, 0x0000000100000000)
  region size 1024K, 21 young (21504K), 2 survivors (2048K)
 Metaspace       used 79401K, committed 79872K, reserved 1179648K
  class space    used 8776K, committed 8960K, reserved 1048576K
}
Event: 389.109 GC heap after
{Heap after GC invocations=22 (full 0):
 garbage-first heap   total 53248K, used 27692K [0x0000000087400000, 0x0000000100000000)
  region size 1024K, 2 young (2048K), 2 survivors (2048K)
 Metaspace       used 79401K, committed 79872K, reserved 1179648K
  class space    used 8776K, committed 8960K, reserved 1048576K
}
Event: 398.668 GC heap before
{Heap before GC invocations=22 (full 0):
 garbage-first heap   total 53248K, used 48172K [0x0000000087400000, 0x0000000100000000)
  region size 1024K, 20 young (20480K), 2 survivors (2048K)
 Metaspace       used 79682K, committed 80192K, reserved 1179648K
  class space    used 8779K, committed 9024K, reserved 1048576K
}
Event: 398.675 GC heap after
{Heap after GC invocations=23 (full 0):
 garbage-first heap   total 53248K, used 26931K [0x0000000087400000, 0x0000000100000000)
  region size 1024K, 2 young (2048K), 2 survivors (2048K)
 Metaspace       used 79682K, committed 80192K, reserved 1179648K
  class space    used 8779K, committed 9024K, reserved 1048576K
}
Event: 435.166 GC heap before
{Heap before GC invocations=23 (full 0):
 garbage-first heap   total 53248K, used 44339K [0x0000000087400000, 0x0000000100000000)
  region size 1024K, 20 young (20480K), 2 survivors (2048K)
 Metaspace       used 81865K, committed 82432K, reserved 1179648K
  class space    used 8976K, committed 9216K, reserved 1048576K
}
Event: 435.169 GC heap after
{Heap after GC invocations=24 (full 0):
 garbage-first heap   total 53248K, used 27655K [0x0000000087400000, 0x0000000100000000)
  region size 1024K, 2 young (2048K), 2 survivors (2048K)
 Metaspace       used 81865K, committed 82432K, reserved 1179648K
  class space    used 8976K, committed 9216K, reserved 1048576K
}

