# JRE version: OpenJDK Runtime Environment (21.0.3) (build 21.0.3+-12282718-b509.11)
# Java VM: OpenJDK 64-Bit Server VM (21.0.3+-12282718-b509.11, mixed mode, tiered, compressed oops, compressed class ptrs, g1 gc, linux-amd64)
GC Precious Log:
 CardTable entry size: 512
 Card Set container configuration: InlinePtr #cards 5 size 8 Array Of Cards #cards 12 size 40 Howl #buckets 4 coarsen threshold 1843 Howl Bitmap #cards 512 size 80 coarsen threshold 460 Card regions per heap region 1 cards per card region 2048
 CPUs: 8 total, 8 available
 Memory: 7724M
 Large Page Support: Disabled
 NUMA Support: Disabled
 Compressed Oops: Enabled (32-bit)
 Heap Region Size: 1M
 Heap Min Capacity: 8M
 Heap Initial Capacity: 122M
 Heap Max Capacity: 1932M
 Pre-touch: Disabled
 Parallel Workers: 8
 Concurrent Workers: 2
 Concurrent Refinement Workers: 8
 Periodic GC: Disabled
Heap:
 garbage-first heap   total 50176K, used 35420K [0x0000000087400000, 0x0000000100000000)
  region size 1024K, 15 young (15360K), 3 survivors (3072K)
 Metaspace       used 75511K, committed 76096K, reserved 1179648K
  class space    used 8435K, committed 8704K, reserved 1048576K
GC Heap History (20 events):
Event: 0.903 GC heap before
{Heap before GC invocations=3 (full 0):
 garbage-first heap   total 40960K, used 32271K [0x0000000087400000, 0x0000000100000000)
  region size 1024K, 24 young (24576K), 2 survivors (2048K)
 Metaspace       used 28355K, committed 28544K, reserved 1114112K
  class space    used 2944K, committed 3072K, reserved 1048576K
}
Event: 0.905 GC heap after
{Heap after GC invocations=4 (full 0):
 garbage-first heap   total 40960K, used 11460K [0x0000000087400000, 0x0000000100000000)
  region size 1024K, 3 young (3072K), 3 survivors (3072K)
 Metaspace       used 28355K, committed 28544K, reserved 1114112K
  class space    used 2944K, committed 3072K, reserved 1048576K
}
Event: 1.095 GC heap before
{Heap before GC invocations=4 (full 0):
 garbage-first heap   total 40960K, used 28868K [0x0000000087400000, 0x0000000100000000)
  region size 1024K, 21 young (21504K), 3 survivors (3072K)
 Metaspace       used 35582K, committed 35840K, reserved 1114112K
  class space    used 3855K, committed 3968K, reserved 1048576K
}
Event: 1.098 GC heap after
{Heap after GC invocations=5 (full 0):
 garbage-first heap   total 40960K, used 12903K [0x0000000087400000, 0x0000000100000000)
  region size 1024K, 2 young (2048K), 2 survivors (2048K)
 Metaspace       used 35582K, committed 35840K, reserved 1114112K
  class space    used 3855K, committed 3968K, reserved 1048576K
}
Event: 1.105 GC heap before
{Heap before GC invocations=5 (full 0):
 garbage-first heap   total 40960K, used 13927K [0x0000000087400000, 0x0000000100000000)
  region size 1024K, 4 young (4096K), 2 survivors (2048K)
 Metaspace       used 35944K, committed 36096K, reserved 1114112K
  class space    used 3906K, committed 3968K, reserved 1048576K
}
Event: 1.106 GC heap after
{Heap after GC invocations=6 (full 0):
 garbage-first heap   total 40960K, used 13171K [0x0000000087400000, 0x0000000100000000)
  region size 1024K, 1 young (1024K), 1 survivors (1024K)
 Metaspace       used 35944K, committed 36096K, reserved 1114112K
  class space    used 3906K, committed 3968K, reserved 1048576K
}
Event: 1.240 GC heap before
{Heap before GC invocations=7 (full 0):
 garbage-first heap   total 40960K, used 30579K [0x0000000087400000, 0x0000000100000000)
  region size 1024K, 19 young (19456K), 1 survivors (1024K)
 Metaspace       used 41100K, committed 41344K, reserved 1114112K
  class space    used 4454K, committed 4544K, reserved 1048576K
}
Event: 1.242 GC heap after
{Heap after GC invocations=8 (full 0):
 garbage-first heap   total 40960K, used 14606K [0x0000000087400000, 0x0000000100000000)
  region size 1024K, 2 young (2048K), 2 survivors (2048K)
 Metaspace       used 41100K, committed 41344K, reserved 1114112K
  class space    used 4454K, committed 4544K, reserved 1048576K
}
Event: 1.505 GC heap before
{Heap before GC invocations=8 (full 0):
 garbage-first heap   total 40960K, used 32014K [0x0000000087400000, 0x0000000100000000)
  region size 1024K, 20 young (20480K), 2 survivors (2048K)
 Metaspace       used 48114K, committed 48448K, reserved 1114112K
  class space    used 5210K, committed 5376K, reserved 1048576K
}
Event: 1.508 GC heap after
{Heap after GC invocations=9 (full 0):
 garbage-first heap   total 49152K, used 16648K [0x0000000087400000, 0x0000000100000000)
  region size 1024K, 2 young (2048K), 2 survivors (2048K)
 Metaspace       used 48114K, committed 48448K, reserved 1114112K
  class space    used 5210K, committed 5376K, reserved 1048576K
}
Event: 1.786 GC heap before
{Heap before GC invocations=9 (full 0):
 garbage-first heap   total 49152K, used 37128K [0x0000000087400000, 0x0000000100000000)
  region size 1024K, 23 young (23552K), 2 survivors (2048K)
 Metaspace       used 54379K, committed 54656K, reserved 1114112K
  class space    used 5923K, committed 6080K, reserved 1048576K
}
Event: 1.789 GC heap after
{Heap after GC invocations=10 (full 0):
 garbage-first heap   total 49152K, used 17711K [0x0000000087400000, 0x0000000100000000)
  region size 1024K, 2 young (2048K), 2 survivors (2048K)
 Metaspace       used 54379K, committed 54656K, reserved 1114112K
  class space    used 5923K, committed 6080K, reserved 1048576K
}
Event: 2.033 GC heap before
{Heap before GC invocations=10 (full 0):
 garbage-first heap   total 49152K, used 38191K [0x0000000087400000, 0x0000000100000000)
  region size 1024K, 23 young (23552K), 2 survivors (2048K)
 Metaspace       used 60049K, committed 60352K, reserved 1114112K
  class space    used 6528K, committed 6656K, reserved 1048576K
}
Event: 2.036 GC heap after
{Heap after GC invocations=11 (full 0):
 garbage-first heap   total 49152K, used 18989K [0x0000000087400000, 0x0000000100000000)
  region size 1024K, 3 young (3072K), 3 survivors (3072K)
 Metaspace       used 60049K, committed 60352K, reserved 1114112K
  class space    used 6528K, committed 6656K, reserved 1048576K
}
Event: 2.070 GC heap before
{Heap before GC invocations=11 (full 0):
 garbage-first heap   total 49152K, used 20013K [0x0000000087400000, 0x0000000100000000)
  region size 1024K, 5 young (5120K), 3 survivors (3072K)
 Metaspace       used 60346K, committed 60608K, reserved 1114112K
  class space    used 6568K, committed 6720K, reserved 1048576K
}
Event: 2.073 GC heap after
{Heap after GC invocations=12 (full 0):
 garbage-first heap   total 49152K, used 19174K [0x0000000087400000, 0x0000000100000000)
  region size 1024K, 2 young (2048K), 2 survivors (2048K)
 Metaspace       used 60346K, committed 60608K, reserved 1114112K
  class space    used 6568K, committed 6720K, reserved 1048576K
}
Event: 4.704 GC heap before
{Heap before GC invocations=13 (full 0):
 garbage-first heap   total 49152K, used 39654K [0x0000000087400000, 0x0000000100000000)
  region size 1024K, 23 young (23552K), 2 survivors (2048K)
 Metaspace       used 65800K, committed 66304K, reserved 1114112K
  class space    used 7257K, committed 7488K, reserved 1048576K
}
Event: 4.707 GC heap after
{Heap after GC invocations=14 (full 0):
 garbage-first heap   total 49152K, used 20874K [0x0000000087400000, 0x0000000100000000)
  region size 1024K, 3 young (3072K), 3 survivors (3072K)
 Metaspace       used 65800K, committed 66304K, reserved 1114112K
  class space    used 7257K, committed 7488K, reserved 1048576K
}
Event: 5.536 GC heap before
{Heap before GC invocations=14 (full 0):
 garbage-first heap   total 49152K, used 41354K [0x0000000087400000, 0x0000000100000000)
  region size 1024K, 24 young (24576K), 3 survivors (3072K)
 Metaspace       used 73821K, committed 74368K, reserved 1179648K
  class space    used 8300K, committed 8576K, reserved 1048576K
}
Event: 5.542 GC heap after
{Heap after GC invocations=15 (full 0):
 garbage-first heap   total 50176K, used 24156K [0x0000000087400000, 0x0000000100000000)
  region size 1024K, 3 young (3072K), 3 survivors (3072K)
 Metaspace       used 73821K, committed 74368K, reserved 1179648K
  class space    used 8300K, committed 8576K, reserved 1048576K
}

