# JRE version: OpenJDK Runtime Environment (21.0.3) (build 21.0.3+-12282718-b509.11)
# Java VM: OpenJDK 64-Bit Server VM (21.0.3+-12282718-b509.11, mixed mode, tiered, compressed oops, compressed class ptrs, g1 gc, linux-amd64)
GC Precious Log:
 CardTable entry size: 512
 Card Set container configuration: InlinePtr #cards 5 size 8 Array Of Cards #cards 12 size 40 Howl #buckets 4 coarsen threshold 1843 Howl Bitmap #cards 512 size 80 coarsen threshold 460 Card regions per heap region 1 cards per card region 2048
 CPUs: 8 total, 8 available
 Memory: 7724M
 Large Page Support: Disabled
 NUMA Support: Disabled
 Compressed Oops: Enabled (32-bit)
 Heap Region Size: 1M
 Heap Min Capacity: 8M
 Heap Initial Capacity: 122M
 Heap Max Capacity: 1932M
 Pre-touch: Disabled
 Parallel Workers: 8
 Concurrent Workers: 2
 Concurrent Refinement Workers: 8
 Periodic GC: Disabled
Heap:
 garbage-first heap   total 49152K, used 34935K [0x0000000087400000, 0x0000000100000000)
  region size 1024K, 13 young (13312K), 3 survivors (3072K)
 Metaspace       used 79914K, committed 80448K, reserved 1179648K
  class space    used 8794K, committed 9024K, reserved 1048576K
GC Heap History (20 events):
Event: 1.538 GC heap before
{Heap before GC invocations=7 (full 0):
 garbage-first heap   total 40960K, used 31132K [0x0000000087400000, 0x0000000100000000)
  region size 1024K, 19 young (19456K), 1 survivors (1024K)
 Metaspace       used 41407K, committed 41664K, reserved 1114112K
  class space    used 4478K, committed 4608K, reserved 1048576K
}
Event: 1.541 GC heap after
{Heap after GC invocations=8 (full 0):
 garbage-first heap   total 40960K, used 15079K [0x0000000087400000, 0x0000000100000000)
  region size 1024K, 2 young (2048K), 2 survivors (2048K)
 Metaspace       used 41407K, committed 41664K, reserved 1114112K
  class space    used 4478K, committed 4608K, reserved 1048576K
}
Event: 1.985 GC heap before
{Heap before GC invocations=8 (full 0):
 garbage-first heap   total 40960K, used 32487K [0x0000000087400000, 0x0000000100000000)
  region size 1024K, 19 young (19456K), 2 survivors (2048K)
 Metaspace       used 48045K, committed 48384K, reserved 1114112K
  class space    used 5202K, committed 5376K, reserved 1048576K
}
Event: 1.988 GC heap after
{Heap after GC invocations=9 (full 0):
 garbage-first heap   total 40960K, used 16567K [0x0000000087400000, 0x0000000100000000)
  region size 1024K, 3 young (3072K), 3 survivors (3072K)
 Metaspace       used 48045K, committed 48384K, reserved 1114112K
  class space    used 5202K, committed 5376K, reserved 1048576K
}
Event: 2.264 GC heap before
{Heap before GC invocations=9 (full 0):
 garbage-first heap   total 40960K, used 33975K [0x0000000087400000, 0x0000000100000000)
  region size 1024K, 20 young (20480K), 3 survivors (3072K)
 Metaspace       used 52788K, committed 53120K, reserved 1114112K
  class space    used 5732K, committed 5888K, reserved 1048576K
}
Event: 2.269 GC heap after
{Heap after GC invocations=10 (full 0):
 garbage-first heap   total 40960K, used 17800K [0x0000000087400000, 0x0000000100000000)
  region size 1024K, 1 young (1024K), 1 survivors (1024K)
 Metaspace       used 52788K, committed 53120K, reserved 1114112K
  class space    used 5732K, committed 5888K, reserved 1048576K
}
Event: 2.539 GC heap before
{Heap before GC invocations=10 (full 0):
 garbage-first heap   total 40960K, used 34184K [0x0000000087400000, 0x0000000100000000)
  region size 1024K, 18 young (18432K), 1 survivors (1024K)
 Metaspace       used 57671K, committed 57984K, reserved 1114112K
  class space    used 6270K, committed 6400K, reserved 1048576K
}
Event: 2.545 GC heap after
{Heap after GC invocations=11 (full 0):
 garbage-first heap   total 40960K, used 18815K [0x0000000087400000, 0x0000000100000000)
  region size 1024K, 2 young (2048K), 2 survivors (2048K)
 Metaspace       used 57671K, committed 57984K, reserved 1114112K
  class space    used 6270K, committed 6400K, reserved 1048576K
}
Event: 2.814 GC heap before
{Heap before GC invocations=11 (full 0):
 garbage-first heap   total 40960K, used 28031K [0x0000000087400000, 0x0000000100000000)
  region size 1024K, 13 young (13312K), 2 survivors (2048K)
 Metaspace       used 60547K, committed 60800K, reserved 1114112K
  class space    used 6594K, committed 6720K, reserved 1048576K
}
Event: 2.816 GC heap after
{Heap after GC invocations=12 (full 0):
 garbage-first heap   total 49152K, used 19566K [0x0000000087400000, 0x0000000100000000)
  region size 1024K, 2 young (2048K), 2 survivors (2048K)
 Metaspace       used 60547K, committed 60800K, reserved 1114112K
  class space    used 6594K, committed 6720K, reserved 1048576K
}
Event: 4.085 GC heap before
{Heap before GC invocations=13 (full 0):
 garbage-first heap   total 49152K, used 41070K [0x0000000087400000, 0x0000000100000000)
  region size 1024K, 24 young (24576K), 2 survivors (2048K)
 Metaspace       used 66256K, committed 66816K, reserved 1114112K
  class space    used 7290K, committed 7552K, reserved 1048576K
}
Event: 4.090 GC heap after
{Heap after GC invocations=14 (full 0):
 garbage-first heap   total 49152K, used 21679K [0x0000000087400000, 0x0000000100000000)
  region size 1024K, 3 young (3072K), 3 survivors (3072K)
 Metaspace       used 66256K, committed 66816K, reserved 1114112K
  class space    used 7290K, committed 7552K, reserved 1048576K
}
Event: 4.877 GC heap before
{Heap before GC invocations=14 (full 0):
 garbage-first heap   total 49152K, used 41135K [0x0000000087400000, 0x0000000100000000)
  region size 1024K, 23 young (23552K), 3 survivors (3072K)
 Metaspace       used 74208K, committed 74688K, reserved 1179648K
  class space    used 8351K, committed 8576K, reserved 1048576K
}
Event: 4.885 GC heap after
{Heap after GC invocations=15 (full 0):
 garbage-first heap   total 49152K, used 24576K [0x0000000087400000, 0x0000000100000000)
  region size 1024K, 3 young (3072K), 3 survivors (3072K)
 Metaspace       used 74208K, committed 74688K, reserved 1179648K
  class space    used 8351K, committed 8576K, reserved 1048576K
}
Event: 5.180 GC heap before
{Heap before GC invocations=15 (full 0):
 garbage-first heap   total 49152K, used 30720K [0x0000000087400000, 0x0000000100000000)
  region size 1024K, 10 young (10240K), 3 survivors (3072K)
 Metaspace       used 75097K, committed 75584K, reserved 1179648K
  class space    used 8436K, committed 8640K, reserved 1048576K
}
Event: 5.184 GC heap after
{Heap after GC invocations=16 (full 0):
 garbage-first heap   total 49152K, used 25598K [0x0000000087400000, 0x0000000100000000)
  region size 1024K, 2 young (2048K), 2 survivors (2048K)
 Metaspace       used 75097K, committed 75584K, reserved 1179648K
  class space    used 8436K, committed 8640K, reserved 1048576K
}
Event: 9.648 GC heap before
{Heap before GC invocations=17 (full 0):
 garbage-first heap   total 49152K, used 43006K [0x0000000087400000, 0x0000000100000000)
  region size 1024K, 18 young (18432K), 2 survivors (2048K)
 Metaspace       used 77976K, committed 78528K, reserved 1179648K
  class space    used 8679K, committed 8896K, reserved 1048576K
}
Event: 9.651 GC heap after
{Heap after GC invocations=18 (full 0):
 garbage-first heap   total 49152K, used 25877K [0x0000000087400000, 0x0000000100000000)
  region size 1024K, 2 young (2048K), 2 survivors (2048K)
 Metaspace       used 77976K, committed 78528K, reserved 1179648K
  class space    used 8679K, committed 8896K, reserved 1048576K
}
Event: 13.903 GC heap before
{Heap before GC invocations=18 (full 0):
 garbage-first heap   total 49152K, used 42261K [0x0000000087400000, 0x0000000100000000)
  region size 1024K, 18 young (18432K), 2 survivors (2048K)
 Metaspace       used 79598K, committed 80192K, reserved 1179648K
  class space    used 8794K, committed 9024K, reserved 1048576K
}
Event: 13.908 GC heap after
{Heap after GC invocations=19 (full 0):
 garbage-first heap   total 49152K, used 26743K [0x0000000087400000, 0x0000000100000000)
  region size 1024K, 3 young (3072K), 3 survivors (3072K)
 Metaspace       used 79598K, committed 80192K, reserved 1179648K
  class space    used 8794K, committed 9024K, reserved 1048576K
}

