# JRE version: OpenJDK Runtime Environment (21.0.3) (build 21.0.3+-12282718-b509.11)
# Java VM: OpenJDK 64-Bit Server VM (21.0.3+-12282718-b509.11, mixed mode, tiered, compressed oops, compressed class ptrs, g1 gc, linux-amd64)
GC Precious Log:
 CardTable entry size: 512
 Card Set container configuration: InlinePtr #cards 5 size 8 Array Of Cards #cards 12 size 40 Howl #buckets 4 coarsen threshold 1843 Howl Bitmap #cards 512 size 80 coarsen threshold 460 Card regions per heap region 1 cards per card region 2048
 CPUs: 8 total, 8 available
 Memory: 7724M
 Large Page Support: Disabled
 NUMA Support: Disabled
 Compressed Oops: Enabled (32-bit)
 Heap Region Size: 1M
 Heap Min Capacity: 8M
 Heap Initial Capacity: 122M
 Heap Max Capacity: 1932M
 Pre-touch: Disabled
 Parallel Workers: 8
 Concurrent Workers: 2
 Concurrent Refinement Workers: 8
 Periodic GC: Disabled
Heap:
 garbage-first heap   total 58368K, used 46852K [0x0000000087400000, 0x0000000100000000)
  region size 1024K, 33 young (33792K), 5 survivors (5120K)
 Metaspace       used 72088K, committed 72576K, reserved 1114112K
  class space    used 7891K, committed 8064K, reserved 1048576K
GC Heap History (20 events):
Event: 0.593 GC heap before
{Heap before GC invocations=1 (full 0):
 garbage-first heap   total 124928K, used 25459K [0x0000000087400000, 0x0000000100000000)
  region size 1024K, 25 young (25600K), 3 survivors (3072K)
 Metaspace       used 21325K, committed 21504K, reserved 1114112K
  class space    used 2100K, committed 2176K, reserved 1048576K
}
Event: 0.596 GC heap after
{Heap after GC invocations=2 (full 0):
 garbage-first heap   total 124928K, used 6084K [0x0000000087400000, 0x0000000100000000)
  region size 1024K, 2 young (2048K), 2 survivors (2048K)
 Metaspace       used 21325K, committed 21504K, reserved 1114112K
  class space    used 2100K, committed 2176K, reserved 1048576K
}
Event: 0.777 GC heap before
{Heap before GC invocations=3 (full 0):
 garbage-first heap   total 27648K, used 20420K [0x0000000087400000, 0x0000000100000000)
  region size 1024K, 16 young (16384K), 2 survivors (2048K)
 Metaspace       used 26190K, committed 26432K, reserved 1114112K
  class space    used 2683K, committed 2816K, reserved 1048576K
}
Event: 0.780 GC heap after
{Heap after GC invocations=4 (full 0):
 garbage-first heap   total 27648K, used 7348K [0x0000000087400000, 0x0000000100000000)
  region size 1024K, 2 young (2048K), 2 survivors (2048K)
 Metaspace       used 26190K, committed 26432K, reserved 1114112K
  class space    used 2683K, committed 2816K, reserved 1048576K
}
Event: 0.903 GC heap before
{Heap before GC invocations=4 (full 0):
 garbage-first heap   total 27648K, used 20660K [0x0000000087400000, 0x0000000100000000)
  region size 1024K, 16 young (16384K), 2 survivors (2048K)
 Metaspace       used 30919K, committed 31168K, reserved 1114112K
  class space    used 3239K, committed 3328K, reserved 1048576K
}
Event: 0.908 GC heap after
{Heap after GC invocations=5 (full 0):
 garbage-first heap   total 27648K, used 8209K [0x0000000087400000, 0x0000000100000000)
  region size 1024K, 1 young (1024K), 1 survivors (1024K)
 Metaspace       used 30919K, committed 31168K, reserved 1114112K
  class space    used 3239K, committed 3328K, reserved 1048576K
}
Event: 1.062 GC heap before
{Heap before GC invocations=5 (full 0):
 garbage-first heap   total 27648K, used 19473K [0x0000000087400000, 0x0000000100000000)
  region size 1024K, 14 young (14336K), 1 survivors (1024K)
 Metaspace       used 35895K, committed 36096K, reserved 1114112K
  class space    used 3864K, committed 3968K, reserved 1048576K
}
Event: 1.064 GC heap after
{Heap after GC invocations=6 (full 0):
 garbage-first heap   total 27648K, used 9454K [0x0000000087400000, 0x0000000100000000)
  region size 1024K, 2 young (2048K), 2 survivors (2048K)
 Metaspace       used 35895K, committed 36096K, reserved 1114112K
  class space    used 3864K, committed 3968K, reserved 1048576K
}
Event: 1.238 GC heap before
{Heap before GC invocations=7 (full 0):
 garbage-first heap   total 27648K, used 21742K [0x0000000087400000, 0x0000000100000000)
  region size 1024K, 15 young (15360K), 2 survivors (2048K)
 Metaspace       used 41234K, committed 41472K, reserved 1114112K
  class space    used 4461K, committed 4608K, reserved 1048576K
}
Event: 1.241 GC heap after
{Heap after GC invocations=8 (full 0):
 garbage-first heap   total 27648K, used 11543K [0x0000000087400000, 0x0000000100000000)
  region size 1024K, 2 young (2048K), 2 survivors (2048K)
 Metaspace       used 41234K, committed 41472K, reserved 1114112K
  class space    used 4461K, committed 4608K, reserved 1048576K
}
Event: 1.426 GC heap before
{Heap before GC invocations=8 (full 0):
 garbage-first heap   total 27648K, used 21783K [0x0000000087400000, 0x0000000100000000)
  region size 1024K, 12 young (12288K), 2 survivors (2048K)
 Metaspace       used 44551K, committed 44864K, reserved 1114112K
  class space    used 4832K, committed 4992K, reserved 1048576K
}
Event: 1.428 GC heap after
{Heap after GC invocations=9 (full 0):
 garbage-first heap   total 76800K, used 12002K [0x0000000087400000, 0x0000000100000000)
  region size 1024K, 2 young (2048K), 2 survivors (2048K)
 Metaspace       used 44551K, committed 44864K, reserved 1114112K
  class space    used 4832K, committed 4992K, reserved 1048576K
}
Event: 1.945 GC heap before
{Heap before GC invocations=9 (full 0):
 garbage-first heap   total 76800K, used 55010K [0x0000000087400000, 0x0000000100000000)
  region size 1024K, 45 young (46080K), 2 survivors (2048K)
 Metaspace       used 57718K, committed 57984K, reserved 1114112K
  class space    used 6273K, committed 6400K, reserved 1048576K
}
Event: 1.949 GC heap after
{Heap after GC invocations=10 (full 0):
 garbage-first heap   total 76800K, used 14868K [0x0000000087400000, 0x0000000100000000)
  region size 1024K, 5 young (5120K), 5 survivors (5120K)
 Metaspace       used 57718K, committed 57984K, reserved 1114112K
  class space    used 6273K, committed 6400K, reserved 1048576K
}
Event: 2.186 GC heap before
{Heap before GC invocations=10 (full 0):
 garbage-first heap   total 76800K, used 23060K [0x0000000087400000, 0x0000000100000000)
  region size 1024K, 14 young (14336K), 5 survivors (5120K)
 Metaspace       used 60239K, committed 60480K, reserved 1114112K
  class space    used 6558K, committed 6656K, reserved 1048576K
}
Event: 2.193 GC heap after
{Heap after GC invocations=11 (full 0):
 garbage-first heap   total 76800K, used 15425K [0x0000000087400000, 0x0000000100000000)
  region size 1024K, 4 young (4096K), 4 survivors (4096K)
 Metaspace       used 60239K, committed 60480K, reserved 1114112K
  class space    used 6558K, committed 6656K, reserved 1048576K
}
Event: 3.539 GC heap before
{Heap before GC invocations=12 (full 0):
 garbage-first heap   total 58368K, used 45121K [0x0000000087400000, 0x0000000100000000)
  region size 1024K, 34 young (34816K), 4 survivors (4096K)
 Metaspace       used 65508K, committed 65920K, reserved 1114112K
  class space    used 7206K, committed 7360K, reserved 1048576K
}
Event: 3.542 GC heap after
{Heap after GC invocations=13 (full 0):
 garbage-first heap   total 58368K, used 17508K [0x0000000087400000, 0x0000000100000000)
  region size 1024K, 3 young (3072K), 3 survivors (3072K)
 Metaspace       used 65508K, committed 65920K, reserved 1114112K
  class space    used 7206K, committed 7360K, reserved 1048576K
}
Event: 4.411 GC heap before
{Heap before GC invocations=13 (full 0):
 garbage-first heap   total 58368K, used 48228K [0x0000000087400000, 0x0000000100000000)
  region size 1024K, 33 young (33792K), 3 survivors (3072K)
 Metaspace       used 69635K, committed 70144K, reserved 1114112K
  class space    used 7667K, committed 7872K, reserved 1048576K
}
Event: 4.416 GC heap after
{Heap after GC invocations=14 (full 0):
 garbage-first heap   total 58368K, used 19204K [0x0000000087400000, 0x0000000100000000)
  region size 1024K, 5 young (5120K), 5 survivors (5120K)
 Metaspace       used 69635K, committed 70144K, reserved 1114112K
  class space    used 7667K, committed 7872K, reserved 1048576K
}

