# JRE version: OpenJDK Runtime Environment (21.0.3) (build 21.0.3+-12282718-b509.11)
# Java VM: OpenJDK 64-Bit Server VM (21.0.3+-12282718-b509.11, mixed mode, tiered, compressed oops, compressed class ptrs, g1 gc, linux-amd64)
GC Precious Log:
 CardTable entry size: 512
 Card Set container configuration: InlinePtr #cards 5 size 8 Array Of Cards #cards 12 size 40 Howl #buckets 4 coarsen threshold 1843 Howl Bitmap #cards 512 size 80 coarsen threshold 460 Card regions per heap region 1 cards per card region 2048
 CPUs: 8 total, 8 available
 Memory: 7724M
 Large Page Support: Disabled
 NUMA Support: Disabled
 Compressed Oops: Enabled (32-bit)
 Heap Region Size: 1M
 Heap Min Capacity: 8M
 Heap Initial Capacity: 122M
 Heap Max Capacity: 1932M
 Pre-touch: Disabled
 Parallel Workers: 8
 Concurrent Workers: 2
 Concurrent Refinement Workers: 8
 Periodic GC: Disabled
Heap:
 garbage-first heap   total 49152K, used 27436K [0x0000000087400000, 0x0000000100000000)
  region size 1024K, 5 young (5120K), 2 survivors (2048K)
 Metaspace       used 76471K, committed 76992K, reserved 1179648K
  class space    used 8488K, committed 8704K, reserved 1048576K
GC Heap History (20 events):
Event: 1.181 GC heap before
{Heap before GC invocations=3 (full 0):
 garbage-first heap   total 40960K, used 31132K [0x0000000087400000, 0x0000000100000000)
  region size 1024K, 24 young (24576K), 2 survivors (2048K)
 Metaspace       used 28299K, committed 28544K, reserved 1114112K
  class space    used 2939K, committed 3072K, reserved 1048576K
}
Event: 1.195 GC heap after
{Heap after GC invocations=4 (full 0):
 garbage-first heap   total 40960K, used 11139K [0x0000000087400000, 0x0000000100000000)
  region size 1024K, 3 young (3072K), 3 survivors (3072K)
 Metaspace       used 28299K, committed 28544K, reserved 1114112K
  class space    used 2939K, committed 3072K, reserved 1048576K
}
Event: 1.471 GC heap before
{Heap before GC invocations=4 (full 0):
 garbage-first heap   total 40960K, used 28547K [0x0000000087400000, 0x0000000100000000)
  region size 1024K, 21 young (21504K), 3 survivors (3072K)
 Metaspace       used 35600K, committed 35904K, reserved 1114112K
  class space    used 3853K, committed 3968K, reserved 1048576K
}
Event: 1.478 GC heap after
{Heap after GC invocations=5 (full 0):
 garbage-first heap   total 40960K, used 12861K [0x0000000087400000, 0x0000000100000000)
  region size 1024K, 2 young (2048K), 2 survivors (2048K)
 Metaspace       used 35600K, committed 35904K, reserved 1114112K
  class space    used 3853K, committed 3968K, reserved 1048576K
}
Event: 1.493 GC heap before
{Heap before GC invocations=5 (full 0):
 garbage-first heap   total 40960K, used 13885K [0x0000000087400000, 0x0000000100000000)
  region size 1024K, 4 young (4096K), 2 survivors (2048K)
 Metaspace       used 35929K, committed 36096K, reserved 1114112K
  class space    used 3901K, committed 3968K, reserved 1048576K
}
Event: 1.497 GC heap after
{Heap after GC invocations=6 (full 0):
 garbage-first heap   total 40960K, used 13196K [0x0000000087400000, 0x0000000100000000)
  region size 1024K, 1 young (1024K), 1 survivors (1024K)
 Metaspace       used 35929K, committed 36096K, reserved 1114112K
  class space    used 3901K, committed 3968K, reserved 1048576K
}
Event: 1.663 GC heap before
{Heap before GC invocations=7 (full 0):
 garbage-first heap   total 40960K, used 30604K [0x0000000087400000, 0x0000000100000000)
  region size 1024K, 19 young (19456K), 1 survivors (1024K)
 Metaspace       used 41245K, committed 41536K, reserved 1114112K
  class space    used 4458K, committed 4608K, reserved 1048576K
}
Event: 1.665 GC heap after
{Heap after GC invocations=8 (full 0):
 garbage-first heap   total 49152K, used 14506K [0x0000000087400000, 0x0000000100000000)
  region size 1024K, 2 young (2048K), 2 survivors (2048K)
 Metaspace       used 41245K, committed 41536K, reserved 1114112K
  class space    used 4458K, committed 4608K, reserved 1048576K
}
Event: 2.137 GC heap before
{Heap before GC invocations=8 (full 0):
 garbage-first heap   total 49152K, used 37034K [0x0000000087400000, 0x0000000100000000)
  region size 1024K, 25 young (25600K), 2 survivors (2048K)
 Metaspace       used 49313K, committed 49664K, reserved 1114112K
  class space    used 5355K, committed 5504K, reserved 1048576K
}
Event: 2.140 GC heap after
{Heap after GC invocations=9 (full 0):
 garbage-first heap   total 49152K, used 16901K [0x0000000087400000, 0x0000000100000000)
  region size 1024K, 4 young (4096K), 4 survivors (4096K)
 Metaspace       used 49313K, committed 49664K, reserved 1114112K
  class space    used 5355K, committed 5504K, reserved 1048576K
}
Event: 2.501 GC heap before
{Heap before GC invocations=9 (full 0):
 garbage-first heap   total 49152K, used 38405K [0x0000000087400000, 0x0000000100000000)
  region size 1024K, 26 young (26624K), 4 survivors (4096K)
 Metaspace       used 55878K, committed 56128K, reserved 1114112K
  class space    used 6088K, committed 6208K, reserved 1048576K
}
Event: 2.504 GC heap after
{Heap after GC invocations=10 (full 0):
 garbage-first heap   total 49152K, used 18187K [0x0000000087400000, 0x0000000100000000)
  region size 1024K, 2 young (2048K), 2 survivors (2048K)
 Metaspace       used 55878K, committed 56128K, reserved 1114112K
  class space    used 6088K, committed 6208K, reserved 1048576K
}
Event: 2.727 GC heap before
{Heap before GC invocations=10 (full 0):
 garbage-first heap   total 49152K, used 34571K [0x0000000087400000, 0x0000000100000000)
  region size 1024K, 19 young (19456K), 2 survivors (2048K)
 Metaspace       used 60393K, committed 60608K, reserved 1114112K
  class space    used 6573K, committed 6656K, reserved 1048576K
}
Event: 2.730 GC heap after
{Heap after GC invocations=11 (full 0):
 garbage-first heap   total 49152K, used 18745K [0x0000000087400000, 0x0000000100000000)
  region size 1024K, 2 young (2048K), 2 survivors (2048K)
 Metaspace       used 60393K, committed 60608K, reserved 1114112K
  class space    used 6573K, committed 6656K, reserved 1048576K
}
Event: 4.288 GC heap before
{Heap before GC invocations=12 (full 0):
 garbage-first heap   total 49152K, used 40249K [0x0000000087400000, 0x0000000100000000)
  region size 1024K, 24 young (24576K), 2 survivors (2048K)
 Metaspace       used 66023K, committed 66496K, reserved 1114112K
  class space    used 7259K, committed 7488K, reserved 1048576K
}
Event: 4.292 GC heap after
{Heap after GC invocations=13 (full 0):
 garbage-first heap   total 49152K, used 20912K [0x0000000087400000, 0x0000000100000000)
  region size 1024K, 3 young (3072K), 3 survivors (3072K)
 Metaspace       used 66023K, committed 66496K, reserved 1114112K
  class space    used 7259K, committed 7488K, reserved 1048576K
}
Event: 4.930 GC heap before
{Heap before GC invocations=13 (full 0):
 garbage-first heap   total 49152K, used 40368K [0x0000000087400000, 0x0000000100000000)
  region size 1024K, 23 young (23552K), 3 survivors (3072K)
 Metaspace       used 73983K, committed 74432K, reserved 1179648K
  class space    used 8319K, committed 8512K, reserved 1048576K
}
Event: 4.935 GC heap after
{Heap after GC invocations=14 (full 0):
 garbage-first heap   total 49152K, used 23928K [0x0000000087400000, 0x0000000100000000)
  region size 1024K, 3 young (3072K), 3 survivors (3072K)
 Metaspace       used 73983K, committed 74432K, reserved 1179648K
  class space    used 8319K, committed 8512K, reserved 1048576K
}
Event: 7.754 GC heap before
{Heap before GC invocations=14 (full 0):
 garbage-first heap   total 49152K, used 41336K [0x0000000087400000, 0x0000000100000000)
  region size 1024K, 20 young (20480K), 3 survivors (3072K)
 Metaspace       used 76227K, committed 76736K, reserved 1179648K
  class space    used 8487K, committed 8704K, reserved 1048576K
}
Event: 7.758 GC heap after
{Heap after GC invocations=15 (full 0):
 garbage-first heap   total 49152K, used 25388K [0x0000000087400000, 0x0000000100000000)
  region size 1024K, 2 young (2048K), 2 survivors (2048K)
 Metaspace       used 76227K, committed 76736K, reserved 1179648K
  class space    used 8487K, committed 8704K, reserved 1048576K
}

